C51 COMPILER V9.60.0.0   ONEWIRE                                                           03/26/2024 23:59:19 PAGE 1   


C51 COMPILER V9.60.0.0, COMPILATION OF MODULE ONEWIRE
OBJECT MODULE PLACED IN .\Objects\onewire.obj
COMPILER INVOKED BY: C:\Keil_v5\C51\BIN\C51.EXE onewire.c OPTIMIZE(8,SPEED) BROWSE DEBUG OBJECTEXTEND PRINT(.\Listings\o
                    -newire.lst) OBJECT(.\Objects\onewire.obj)

line level    source

   1          /*      #       单总线代码片段说明
   2                  1.      本文件夹中提供的驱动代码供参赛选手完成程序设计参考。
   3                  2.      参赛选手可以自行编写相关代码或以该代码为基础，根据所选单片机类型、运行速度和试题
   4                          中对单片机时钟频率的要求，进行代码调试和修改。
   5          */
   6          
   7          #include "onewire.h"
   8          
   9          sbit DQ = P1^4;
  10          
  11          //
  12          void Delay_OneWire(unsigned int t)  
  13          {
  14   1              unsigned char i;
  15   1              while(t--){
  16   2                      for(i=0;i<6;i++);
  17   2              }
  18   1      }
  19          
  20          //
  21          void Write_DS18B20(unsigned char dat)
  22          {
  23   1              unsigned char i;
  24   1              for(i=0;i<8;i++)
  25   1              {
  26   2                      EA = 0; //------------关中断
  27   2                      DQ = 0;
  28   2                      DQ = dat&0x01;
  29   2                      Delay_OneWire(5);
  30   2                      DQ = 1;
  31   2                      dat >>= 1;
  32   2                      EA = 1; //------------开中断
  33   2              }
  34   1              Delay_OneWire(5);
  35   1      }
  36          
  37          //
  38          unsigned char Read_DS18B20(void)
  39          {
  40   1              unsigned char i;
  41   1              unsigned char dat;
  42   1        
  43   1              for(i=0;i<8;i++)
  44   1              {
  45   2                      EA = 0; //------------关中断
  46   2                      DQ = 0;
  47   2                      dat >>= 1;
  48   2                      DQ = 1;
  49   2                      Delay_OneWire(1); //！！！有问题就加这个，(有些板子不用加这句)！！！
  50   2                      if(DQ)
  51   2                      {
  52   3                              dat |= 0x80;
  53   3                      }           
  54   2                      Delay_OneWire(5);
C51 COMPILER V9.60.0.0   ONEWIRE                                                           03/26/2024 23:59:19 PAGE 2   

  55   2                      EA = 1; //------------开中断
  56   2              }
  57   1              return dat;
  58   1      }
  59          
  60          //
  61          bit init_ds18b20(void)
  62          {
  63   1              bit initflag = 0;
  64   1              
  65   1              DQ = 1;
  66   1              Delay_OneWire(12);
  67   1              DQ = 0;
  68   1              Delay_OneWire(80);
  69   1              DQ = 1;
  70   1                      EA = 0; //------------关中断
  71   1              Delay_OneWire(10); 
  72   1          initflag = DQ;    
  73   1                      EA = 1; //------------开中断
  74   1              Delay_OneWire(5);
  75   1        
  76   1              return initflag;
  77   1      }
  78          
  79          /* -------------------------------------------- */
  80          uint16_t temperature = 0;
  81          void read_temp(void)//温度要延迟700ms左右，不然读出来都是默认值
  82          {
  83   1              uint16_t temp_H, temp_L;
  84   1              
  85   1              init_ds18b20();
  86   1              Write_DS18B20(0xCC);
  87   1              Write_DS18B20(0x44);
  88   1              
  89   1              init_ds18b20();
  90   1              Write_DS18B20(0xCC);
  91   1              Write_DS18B20(0xBE);
  92   1              
  93   1              temp_L = Read_DS18B20();
  94   1              temp_H = Read_DS18B20();
  95   1              
  96   1              temperature = (float)(temp_H << 8 | temp_L) * 6.25; //温度放大100倍存储，一般来说为0.0625
  97   1      }


MODULE INFORMATION:   STATIC OVERLAYABLE
   CODE SIZE        =    228    ----
   CONSTANT SIZE    =   ----    ----
   XDATA SIZE       =   ----    ----
   PDATA SIZE       =   ----    ----
   DATA SIZE        =      2       2
   IDATA SIZE       =   ----    ----
   BIT SIZE         =   ----       1
END OF MODULE INFORMATION.


C51 COMPILATION COMPLETE.  0 WARNING(S),  0 ERROR(S)
